        -:    0:Source:C:/Users/gianf/CLionProjects/Listas_Enlazadas/main.cpp
        -:    0:Graph:C:\Users\gianf\CLionProjects\Listas_Enlazadas\cmake-build-debug-coverage\CMakeFiles\Listas_Enlazadas.dir\main.cpp.gcno
        -:    0:Data:C:\Users\gianf\CLionProjects\Listas_Enlazadas\cmake-build-debug-coverage\CMakeFiles\Listas_Enlazadas.dir\main.cpp.gcda
        -:    0:Runs:1
        -:    1:#include <iostream>
        -:    2:
        -:    3:// TIP To <b>Run</b> code, press <shortcut actionId="Run"/> or
        -:    4:// click the <icon src="AllIcons.Actions.Execute"/> icon in the gutter.
function main called 1 returned 100% blocks executed 100%
        1:    5:int main() {
        -:    6:    // TIP Press <shortcut actionId="RenameElement"/> when your caret is at the
        -:    7:    // <b>lang</b> variable name to see how CLion can help you rename it.
        1:    8:    auto lang = "C++";
        1:    9:    std::cout << "Hello and welcome to " << lang << "!\n";
        1:    9-block  0
call    0 returned 1
call    1 returned 1
call    2 returned 1
        -:   10:
        6:   11:    for (int i = 1; i <= 5; i++) {
        6:   11-block  0
branch  0 taken 5
branch  1 taken 1 (fallthrough)
        -:   12:        // TIP Press <shortcut actionId="Debug"/> to start debugging your code.
        -:   13:        // We have set one <icon src="AllIcons.Debugger.Db_set_breakpoint"/>
        -:   14:        // breakpoint for you, but you can always add more by pressing
        -:   15:        // <shortcut actionId="ToggleLineBreakpoint"/>.
        5:   16:        std::cout << "i = " << i << std::endl;
        5:   16-block  0
call    0 returned 5
call    1 returned 5
call    2 returned 5
        -:   17:    }
        -:   18:
        1:   19:    return 0;
        1:   19-block  0
        -:   20:}
        -:   21:
        -:   22:// TIP See CLion help at <a
        -:   23:// href="https://www.jetbrains.com/help/clion/">jetbrains.com/help/clion/</a>.
        -:   24://  Also, you can try interactive lessons for CLion by selecting
        -:   25://  'Help | Learn IDE Features' from the main menu.
